

Started GET "/" for 71.35.173.49 at 2017-04-11 15:46:44 +0000
Processing by Rails::WelcomeController#index as HTML
  Rendered /usr/local/rvm/gems/ruby-2.3.0/gems/railties-4.2.5/lib/rails/templates/rails/welcome/index.html.erb (2.3ms)
Completed 200 OK in 28ms (Views: 18.1ms | ActiveRecord: 0.0ms)


Started GET "/" for 71.35.173.49 at 2017-04-11 15:56:37 +0000
Processing by Rails::WelcomeController#index as HTML
  Rendered /usr/local/rvm/gems/ruby-2.3.0/gems/railties-4.2.5/lib/rails/templates/rails/welcome/index.html.erb (2.4ms)
Completed 200 OK in 29ms (Views: 17.6ms | ActiveRecord: 0.0ms)


Started GET "/" for 71.35.173.49 at 2017-04-11 15:59:42 +0000
Processing by Rails::WelcomeController#index as HTML
  Rendered /usr/local/rvm/gems/ruby-2.3.0/gems/railties-4.2.5/lib/rails/templates/rails/welcome/index.html.erb (2.5ms)
Completed 200 OK in 20ms (Views: 11.4ms | ActiveRecord: 0.0ms)


Started GET "/" for 71.35.173.49 at 2017-04-11 16:24:27 +0000
Processing by Rails::WelcomeController#index as HTML
  Rendered /usr/local/rvm/gems/ruby-2.3.0/gems/railties-4.2.5/lib/rails/templates/rails/welcome/index.html.erb (3.3ms)
Completed 200 OK in 32ms (Views: 21.9ms | ActiveRecord: 0.0ms)


Started GET "/" for 71.35.173.49 at 2017-04-11 16:24:30 +0000
Processing by Rails::WelcomeController#index as HTML
  Rendered /usr/local/rvm/gems/ruby-2.3.0/gems/railties-4.2.5/lib/rails/templates/rails/welcome/index.html.erb (0.1ms)
Completed 200 OK in 2ms (Views: 1.2ms | ActiveRecord: 0.0ms)


Started GET "/" for 71.35.173.49 at 2017-04-11 16:24:44 +0000
Processing by Rails::WelcomeController#index as HTML
  Rendered /usr/local/rvm/gems/ruby-2.3.0/gems/railties-4.2.5/lib/rails/templates/rails/welcome/index.html.erb (0.1ms)
Completed 200 OK in 1ms (Views: 1.0ms | ActiveRecord: 0.0ms)


Started GET "/" for 71.35.173.49 at 2017-04-11 16:25:00 +0000
Processing by Rails::WelcomeController#index as HTML
  Rendered /usr/local/rvm/gems/ruby-2.3.0/gems/railties-4.2.5/lib/rails/templates/rails/welcome/index.html.erb (0.1ms)
Completed 200 OK in 2ms (Views: 1.3ms | ActiveRecord: 0.0ms)


Started GET "/" for 71.35.173.49 at 2017-04-11 16:25:01 +0000
Processing by Rails::WelcomeController#index as HTML
  Rendered /usr/local/rvm/gems/ruby-2.3.0/gems/railties-4.2.5/lib/rails/templates/rails/welcome/index.html.erb (0.1ms)
Completed 200 OK in 2ms (Views: 1.6ms | ActiveRecord: 0.0ms)


Started GET "/" for 71.35.173.49 at 2017-04-11 16:25:06 +0000
Processing by Rails::WelcomeController#index as HTML
  Rendered /usr/local/rvm/gems/ruby-2.3.0/gems/railties-4.2.5/lib/rails/templates/rails/welcome/index.html.erb (0.1ms)
Completed 200 OK in 2ms (Views: 1.4ms | ActiveRecord: 0.0ms)


Started GET "/" for 71.35.173.49 at 2017-04-11 16:25:09 +0000
Processing by Rails::WelcomeController#index as HTML
  Rendered /usr/local/rvm/gems/ruby-2.3.0/gems/railties-4.2.5/lib/rails/templates/rails/welcome/index.html.erb (0.1ms)
Completed 200 OK in 1ms (Views: 1.0ms | ActiveRecord: 0.0ms)


Started GET "/" for 71.35.173.49 at 2017-04-11 16:25:09 +0000
Processing by Rails::WelcomeController#index as HTML
  Rendered /usr/local/rvm/gems/ruby-2.3.0/gems/railties-4.2.5/lib/rails/templates/rails/welcome/index.html.erb (0.0ms)
Completed 200 OK in 1ms (Views: 1.0ms | ActiveRecord: 0.0ms)


Started GET "/" for 71.35.173.49 at 2017-04-11 16:25:10 +0000
Processing by Rails::WelcomeController#index as HTML
  Rendered /usr/local/rvm/gems/ruby-2.3.0/gems/railties-4.2.5/lib/rails/templates/rails/welcome/index.html.erb (0.1ms)
Completed 200 OK in 2ms (Views: 1.7ms | ActiveRecord: 0.0ms)


Started GET "/" for 71.35.173.49 at 2017-04-11 16:25:26 +0000
Processing by Rails::WelcomeController#index as HTML
  Rendered /usr/local/rvm/gems/ruby-2.3.0/gems/railties-4.2.5/lib/rails/templates/rails/welcome/index.html.erb (0.0ms)
Completed 200 OK in 2ms (Views: 1.2ms | ActiveRecord: 0.0ms)


Started GET "/" for 71.35.173.49 at 2017-04-11 16:25:27 +0000
Processing by Rails::WelcomeController#index as HTML
  Rendered /usr/local/rvm/gems/ruby-2.3.0/gems/railties-4.2.5/lib/rails/templates/rails/welcome/index.html.erb (0.1ms)
Completed 200 OK in 1ms (Views: 1.1ms | ActiveRecord: 0.0ms)


Started GET "/" for 71.35.173.49 at 2017-04-11 16:27:19 +0000
Processing by WelcomeController#index as HTML
  Rendered welcome/index.html.erb within layouts/application (0.5ms)
Completed 200 OK in 933ms (Views: 932.2ms | ActiveRecord: 0.0ms)


Started GET "/assets/welcome.self-e3b0c44298fc1c149afbf4c8996fb92427ae41e4649b934ca495991b7852b855.css?body=1" for 71.35.173.49 at 2017-04-11 16:27:20 +0000


Started GET "/assets/application.self-e80e8f2318043e8af94dddc2adad5a4f09739a8ebb323b3ab31cd71d45fd9113.css?body=1" for 71.35.173.49 at 2017-04-11 16:27:20 +0000


Started GET "/assets/jquery.self-bd7ddd393353a8d2480a622e80342adf488fb6006d667e8b42e4c0073393abee.js?body=1" for 71.35.173.49 at 2017-04-11 16:27:20 +0000


Started GET "/assets/jquery_ujs.self-784a997f6726036b1993eb2217c9cb558e1cbb801c6da88105588c56f13b466a.js?body=1" for 71.35.173.49 at 2017-04-11 16:27:21 +0000


Started GET "/assets/turbolinks.self-c5acd7a204f5f25ce7a1d8a0e4d92e28d34c9e2df2c7371cd7af88e147e4ad82.js?body=1" for 71.35.173.49 at 2017-04-11 16:27:21 +0000


Started GET "/assets/welcome.self-877aef30ae1b040ab8a3aba4e3e309a11d7f2612f44dde450b5c157aa5f95c05.js?body=1" for 71.35.173.49 at 2017-04-11 16:27:21 +0000


Started GET "/assets/application.self-3b8dabdc891efe46b9a144b400ad69e37d7e5876bdc39dee783419a69d7ca819.js?body=1" for 71.35.173.49 at 2017-04-11 16:27:21 +0000


Started GET "/" for 71.35.173.49 at 2017-04-11 18:58:55 +0000
Processing by WelcomeController#index as HTML
  Rendered welcome/index.html.erb within layouts/application (2.3ms)
Completed 200 OK in 305ms (Views: 290.2ms | ActiveRecord: 0.0ms)


Started GET "/assets/welcome.self-e3b0c44298fc1c149afbf4c8996fb92427ae41e4649b934ca495991b7852b855.css?body=1" for 71.35.173.49 at 2017-04-11 18:58:55 +0000


Started GET "/assets/application.self-e80e8f2318043e8af94dddc2adad5a4f09739a8ebb323b3ab31cd71d45fd9113.css?body=1" for 71.35.173.49 at 2017-04-11 18:58:55 +0000


Started GET "/assets/welcome.self-877aef30ae1b040ab8a3aba4e3e309a11d7f2612f44dde450b5c157aa5f95c05.js?body=1" for 71.35.173.49 at 2017-04-11 18:58:56 +0000


Started GET "/assets/application.self-3b8dabdc891efe46b9a144b400ad69e37d7e5876bdc39dee783419a69d7ca819.js?body=1" for 71.35.173.49 at 2017-04-11 18:58:56 +0000


Started GET "/welcome/index" for 71.35.173.49 at 2017-04-11 18:58:57 +0000
Processing by WelcomeController#index as HTML
  Rendered welcome/index.html.erb within layouts/application (0.1ms)
Completed 200 OK in 26ms (Views: 25.2ms | ActiveRecord: 0.0ms)


Started GET "/welcome/about" for 71.35.173.49 at 2017-04-11 18:59:04 +0000
Processing by WelcomeController#about as HTML
  Rendered welcome/about.html.erb within layouts/application (0.4ms)
Completed 200 OK in 19ms (Views: 18.1ms | ActiveRecord: 0.0ms)


Started GET "/welcome/index" for 71.35.173.49 at 2017-04-11 18:59:05 +0000
Processing by WelcomeController#index as HTML
  Rendered welcome/index.html.erb within layouts/application (0.1ms)
Completed 200 OK in 35ms (Views: 34.7ms | ActiveRecord: 0.0ms)


Started GET "/welcome/about" for 71.35.173.49 at 2017-04-11 18:59:06 +0000
Processing by WelcomeController#about as HTML
  Rendered welcome/about.html.erb within layouts/application (0.0ms)
Completed 200 OK in 26ms (Views: 25.5ms | ActiveRecord: 0.0ms)


Started GET "/welcome/index" for 71.35.173.49 at 2017-04-11 18:59:07 +0000
Processing by WelcomeController#index as HTML
  Rendered welcome/index.html.erb within layouts/application (0.0ms)
Completed 200 OK in 28ms (Views: 27.2ms | ActiveRecord: 0.0ms)


Started GET "/welcome/about" for 71.35.173.49 at 2017-04-11 18:59:07 +0000
Processing by WelcomeController#about as HTML
  Rendered welcome/about.html.erb within layouts/application (0.0ms)
Completed 200 OK in 25ms (Views: 24.6ms | ActiveRecord: 0.0ms)


Started GET "/welcome/index" for 71.35.173.49 at 2017-04-11 18:59:08 +0000
Processing by WelcomeController#index as HTML
  Rendered welcome/index.html.erb within layouts/application (0.5ms)
Completed 200 OK in 20ms (Views: 18.7ms | ActiveRecord: 0.0ms)


Started GET "/welcome/index" for 71.35.173.49 at 2017-04-11 18:59:09 +0000
Processing by WelcomeController#index as HTML
  Rendered welcome/index.html.erb within layouts/application (0.1ms)
Completed 200 OK in 18ms (Views: 17.4ms | ActiveRecord: 0.0ms)


Started GET "/welcome/about" for 71.35.173.49 at 2017-04-11 18:59:09 +0000
Processing by WelcomeController#about as HTML
  Rendered welcome/about.html.erb within layouts/application (0.0ms)
Completed 200 OK in 24ms (Views: 23.2ms | ActiveRecord: 0.0ms)


Started GET "/welcome/about" for 71.35.173.49 at 2017-04-11 18:59:15 +0000
Processing by WelcomeController#about as HTML
  Rendered welcome/about.html.erb within layouts/application (0.1ms)
Completed 200 OK in 28ms (Views: 27.0ms | ActiveRecord: 0.0ms)


Started GET "/welcome/index" for 71.35.173.49 at 2017-04-11 18:59:15 +0000
Processing by WelcomeController#index as HTML
  Rendered welcome/index.html.erb within layouts/application (0.1ms)
Completed 200 OK in 47ms (Views: 46.2ms | ActiveRecord: 0.0ms)


Started GET "/welcome/about" for 71.35.173.49 at 2017-04-11 18:59:16 +0000
Processing by WelcomeController#about as HTML
  Rendered welcome/about.html.erb within layouts/application (0.1ms)
Completed 200 OK in 52ms (Views: 51.1ms | ActiveRecord: 0.0ms)


Started GET "/welcome/index" for 71.35.173.49 at 2017-04-11 18:59:16 +0000
Processing by WelcomeController#index as HTML
  Rendered welcome/index.html.erb within layouts/application (0.1ms)
Completed 200 OK in 29ms (Views: 28.5ms | ActiveRecord: 0.0ms)


Started GET "/welcome/about" for 71.35.173.49 at 2017-04-11 18:59:17 +0000
Processing by WelcomeController#about as HTML
  Rendered welcome/about.html.erb within layouts/application (0.1ms)
Completed 200 OK in 124ms (Views: 123.0ms | ActiveRecord: 0.0ms)


Started GET "/welcome/index" for 71.35.173.49 at 2017-04-11 18:59:17 +0000
Processing by WelcomeController#index as HTML
  Rendered welcome/index.html.erb within layouts/application (0.1ms)
Completed 200 OK in 43ms (Views: 41.3ms | ActiveRecord: 0.0ms)


Started GET "/welcome/index" for 71.35.173.49 at 2017-04-11 19:00:33 +0000
Processing by WelcomeController#index as HTML
  Rendered welcome/index.html.erb within layouts/application (0.1ms)
Completed 200 OK in 223ms (Views: 222.0ms | ActiveRecord: 0.0ms)


Started GET "/assets/welcome.self-231e6b1e95a8073dc6ecad278d18c6cf85cd8b7f9202a2589205f7dfde8baa4d.css?body=1" for 71.35.173.49 at 2017-04-11 19:00:34 +0000


Started GET "/welcome/about" for 71.35.173.49 at 2017-04-11 19:00:34 +0000
Processing by WelcomeController#about as HTML
  Rendered welcome/about.html.erb within layouts/application (0.1ms)
Completed 200 OK in 187ms (Views: 186.4ms | ActiveRecord: 0.0ms)


Started GET "/welcome/about" for 71.35.173.49 at 2017-04-11 19:00:35 +0000
Processing by WelcomeController#about as HTML
  Rendered welcome/about.html.erb within layouts/application (0.1ms)
Completed 200 OK in 44ms (Views: 43.1ms | ActiveRecord: 0.0ms)


Started GET "/welcome/index" for 71.35.173.49 at 2017-04-11 19:00:37 +0000
Processing by WelcomeController#index as HTML
  Rendered welcome/index.html.erb within layouts/application (0.1ms)
Completed 200 OK in 24ms (Views: 22.9ms | ActiveRecord: 0.0ms)


Started GET "/welcome/about" for 71.35.173.49 at 2017-04-11 19:00:37 +0000
Processing by WelcomeController#about as HTML
  Rendered welcome/about.html.erb within layouts/application (0.1ms)
Completed 200 OK in 30ms (Views: 29.1ms | ActiveRecord: 0.0ms)


Started GET "/welcome/index" for 71.35.173.49 at 2017-04-11 19:00:38 +0000
Processing by WelcomeController#index as HTML
  Rendered welcome/index.html.erb within layouts/application (0.1ms)
Completed 200 OK in 18ms (Views: 17.8ms | ActiveRecord: 0.0ms)


Started GET "/welcome/about" for 71.35.173.49 at 2017-04-11 19:00:38 +0000
Processing by WelcomeController#about as HTML
  Rendered welcome/about.html.erb within layouts/application (0.0ms)
Completed 200 OK in 16ms (Views: 16.0ms | ActiveRecord: 0.0ms)


Started GET "/" for 71.35.173.49 at 2017-04-11 19:01:29 +0000
Processing by WelcomeController#index as HTML
  Rendered welcome/index.html.erb within layouts/application (0.0ms)
Completed 200 OK in 23ms (Views: 22.4ms | ActiveRecord: 0.0ms)


Started GET "/" for 71.35.173.49 at 2017-04-11 19:01:32 +0000
Processing by WelcomeController#index as HTML
  Rendered welcome/index.html.erb within layouts/application (0.0ms)
Completed 200 OK in 19ms (Views: 18.4ms | ActiveRecord: 0.0ms)


Started GET "/" for 71.35.173.49 at 2017-04-11 19:01:33 +0000
Processing by WelcomeController#index as HTML
  Rendered welcome/index.html.erb within layouts/application (0.0ms)
Completed 200 OK in 17ms (Views: 16.1ms | ActiveRecord: 0.0ms)


Started GET "/" for 71.35.173.49 at 2017-04-11 19:01:46 +0000
Processing by WelcomeController#index as HTML
  Rendered welcome/index.html.erb within layouts/application (0.0ms)
Completed 200 OK in 25ms (Views: 24.2ms | ActiveRecord: 0.0ms)


Started GET "/assets/welcome.self-8fc2a975a12bc18e12acde8ded21de3f248c24adcd041aa8a744c92e89546c79.css?body=1" for 71.35.173.49 at 2017-04-11 19:01:46 +0000


Started GET "/" for 71.35.173.49 at 2017-04-11 19:11:42 +0000
Processing by WelcomeController#index as HTML
  Rendered welcome/index.html.erb within layouts/application (2.0ms)
Completed 200 OK in 5195ms (Views: 5184.7ms | ActiveRecord: 0.0ms)


Started GET "/assets/application.self-3d2b1085db6945c1ed2965f6b9561bfd4c3d4bfd17596a955c1ce8b4068f6b3f.css?body=1" for 71.35.173.49 at 2017-04-11 19:11:48 +0000


Started GET "/assets/bootstrap.self-b38817c3e3a3049abb1fc08dd6ae448b23330f8453226efdb074710209474f75.js?body=1" for 71.35.173.49 at 2017-04-11 19:11:48 +0000


Started GET "/assets/application.self-f8806224e027f3e3f0138ea9ce99319e298dfdb323304d1f1be6eae8e8c74724.js?body=1" for 71.35.173.49 at 2017-04-11 19:11:48 +0000


Started GET "/" for 71.35.173.49 at 2017-04-11 19:13:40 +0000
Processing by WelcomeController#index as HTML
  Rendered welcome/index.html.erb within layouts/application (2.1ms)
Completed 200 OK in 364ms (Views: 352.3ms | ActiveRecord: 0.0ms)


Started GET "/welcome/index" for 71.35.173.49 at 2017-04-11 19:13:42 +0000
Processing by WelcomeController#index as HTML
  Rendered welcome/index.html.erb within layouts/application (0.1ms)
Completed 200 OK in 61ms (Views: 60.1ms | ActiveRecord: 0.0ms)


Started GET "/welcome/about" for 71.35.173.49 at 2017-04-11 19:13:43 +0000
Processing by WelcomeController#about as HTML
  Rendered welcome/about.html.erb within layouts/application (0.6ms)
Completed 200 OK in 112ms (Views: 110.3ms | ActiveRecord: 0.0ms)


Started GET "/welcome/index" for 71.35.173.49 at 2017-04-11 19:13:44 +0000
Processing by WelcomeController#index as HTML
  Rendered welcome/index.html.erb within layouts/application (1.2ms)
Completed 200 OK in 62ms (Views: 60.6ms | ActiveRecord: 0.0ms)


Started GET "/welcome/about" for 71.35.173.49 at 2017-04-11 19:13:44 +0000
Processing by WelcomeController#about as HTML
  Rendered welcome/about.html.erb within layouts/application (0.1ms)
Completed 200 OK in 222ms (Views: 221.7ms | ActiveRecord: 0.0ms)


Started GET "/" for 71.35.173.49 at 2017-04-11 20:33:28 +0000
Processing by WelcomeController#index as HTML
  Rendered welcome/index.html.erb within layouts/application (1.4ms)
Completed 200 OK in 296ms (Views: 286.3ms | ActiveRecord: 0.0ms)


Started GET "/welcome/about" for 71.35.173.49 at 2017-04-11 20:33:31 +0000
Processing by WelcomeController#about as HTML
  Rendered welcome/about.html.erb within layouts/application (0.4ms)
Completed 200 OK in 52ms (Views: 51.5ms | ActiveRecord: 0.0ms)


Started GET "/welcome/index" for 71.35.173.49 at 2017-04-11 20:33:32 +0000
Processing by WelcomeController#index as HTML
  Rendered welcome/index.html.erb within layouts/application (0.1ms)
Completed 200 OK in 48ms (Views: 47.0ms | ActiveRecord: 0.0ms)


Started GET "/welcome/index" for 71.35.173.49 at 2017-04-11 20:33:33 +0000
Processing by WelcomeController#index as HTML
  Rendered welcome/index.html.erb within layouts/application (0.1ms)
Completed 200 OK in 50ms (Views: 48.7ms | ActiveRecord: 0.0ms)


Started GET "/welcome/index" for 71.35.173.49 at 2017-04-11 20:34:26 +0000
Processing by WelcomeController#index as HTML
  Rendered welcome/index.html.erb within layouts/application (0.0ms)
Completed 200 OK in 45ms (Views: 44.5ms | ActiveRecord: 0.0ms)


Started GET "/welcome/index" for 71.35.173.49 at 2017-04-11 20:34:45 +0000
Processing by WelcomeController#index as HTML
  Rendered welcome/index.html.erb within layouts/application (0.1ms)
Completed 200 OK in 38ms (Views: 37.4ms | ActiveRecord: 0.0ms)


Started GET "/assets/welcome.self-72cc09578448309a1027b7437dac70ae927e9c0e7a6e635da10f195fbc7f3182.css?body=1" for 71.35.173.49 at 2017-04-11 20:34:45 +0000


Started GET "/welcome/index" for 71.35.173.49 at 2017-04-11 20:34:48 +0000
Processing by WelcomeController#index as HTML
  Rendered welcome/index.html.erb within layouts/application (0.1ms)
Completed 200 OK in 65ms (Views: 63.9ms | ActiveRecord: 0.0ms)


Started GET "/welcome/index" for 71.35.173.49 at 2017-04-11 20:34:55 +0000
Processing by WelcomeController#index as HTML
  Rendered welcome/index.html.erb within layouts/application (0.1ms)
Completed 200 OK in 63ms (Views: 61.3ms | ActiveRecord: 0.0ms)


Started GET "/welcome/about" for 71.35.173.49 at 2017-04-11 20:34:57 +0000
Processing by WelcomeController#about as HTML
  Rendered welcome/about.html.erb within layouts/application (0.2ms)
Completed 200 OK in 45ms (Views: 44.2ms | ActiveRecord: 0.0ms)


Started GET "/welcome/index" for 71.35.173.49 at 2017-04-11 20:34:58 +0000
Processing by WelcomeController#index as HTML
  Rendered welcome/index.html.erb within layouts/application (0.0ms)
Completed 200 OK in 29ms (Views: 28.6ms | ActiveRecord: 0.0ms)


Started GET "/welcome/about" for 71.35.173.49 at 2017-04-11 20:34:58 +0000
Processing by WelcomeController#about as HTML
  Rendered welcome/about.html.erb within layouts/application (0.1ms)
Completed 200 OK in 29ms (Views: 28.0ms | ActiveRecord: 0.0ms)


Started GET "/welcome/index" for 71.35.173.49 at 2017-04-11 20:34:59 +0000
Processing by WelcomeController#index as HTML
  Rendered welcome/index.html.erb within layouts/application (0.0ms)
Completed 200 OK in 29ms (Views: 28.8ms | ActiveRecord: 0.0ms)


Started GET "/welcome/index" for 71.35.173.49 at 2017-04-11 20:36:15 +0000
Processing by WelcomeController#index as HTML
  Rendered welcome/index.html.erb within layouts/application (0.0ms)
Completed 200 OK in 38ms (Views: 37.1ms | ActiveRecord: 0.0ms)


Started GET "/welcome/index" for 71.35.173.49 at 2017-04-11 20:36:18 +0000
Processing by WelcomeController#index as HTML
  Rendered welcome/index.html.erb within layouts/application (0.0ms)
Completed 200 OK in 42ms (Views: 41.2ms | ActiveRecord: 0.0ms)


Started GET "/welcome/about" for 71.35.173.49 at 2017-04-11 20:36:18 +0000
Processing by WelcomeController#about as HTML
  Rendered welcome/about.html.erb within layouts/application (0.1ms)
Completed 200 OK in 42ms (Views: 41.5ms | ActiveRecord: 0.0ms)


Started GET "/welcome/about" for 71.35.173.49 at 2017-04-11 20:37:35 +0000
Processing by WelcomeController#about as HTML
  Rendered welcome/about.html.erb within layouts/application (0.1ms)
Completed 200 OK in 37ms (Views: 36.2ms | ActiveRecord: 0.0ms)


Started GET "/welcome/index" for 71.35.173.49 at 2017-04-11 20:37:37 +0000
Processing by WelcomeController#index as HTML
  Rendered welcome/index.html.erb within layouts/application (0.1ms)
Completed 200 OK in 41ms (Views: 40.8ms | ActiveRecord: 0.0ms)


Started GET "/welcome/about" for 71.35.173.49 at 2017-04-11 20:37:37 +0000
Processing by WelcomeController#about as HTML
  Rendered welcome/about.html.erb within layouts/application (0.1ms)
Completed 200 OK in 38ms (Views: 37.5ms | ActiveRecord: 0.0ms)


Started GET "/welcome/index" for 71.35.173.49 at 2017-04-11 20:37:38 +0000
Processing by WelcomeController#index as HTML
  Rendered welcome/index.html.erb within layouts/application (0.1ms)
Completed 200 OK in 38ms (Views: 37.2ms | ActiveRecord: 0.0ms)


Started GET "/welcome/index" for 71.35.173.49 at 2017-04-11 20:40:03 +0000
Processing by WelcomeController#index as HTML
  Rendered welcome/index.html.erb within layouts/application (0.1ms)
Completed 200 OK in 33ms (Views: 32.0ms | ActiveRecord: 0.0ms)


Started GET "/welcome/index" for 71.35.173.49 at 2017-04-11 20:41:03 +0000
Processing by WelcomeController#index as HTML
  Rendered welcome/index.html.erb within layouts/application (0.1ms)
Completed 200 OK in 43ms (Views: 42.7ms | ActiveRecord: 0.0ms)


Started GET "/welcome/index" for 71.35.173.49 at 2017-04-11 20:41:04 +0000
Processing by WelcomeController#index as HTML
  Rendered welcome/index.html.erb within layouts/application (0.0ms)
Completed 200 OK in 36ms (Views: 34.9ms | ActiveRecord: 0.0ms)


Started GET "/welcome/about" for 71.35.173.49 at 2017-04-11 20:41:04 +0000
Processing by WelcomeController#about as HTML
  Rendered welcome/about.html.erb within layouts/application (0.0ms)
Completed 200 OK in 29ms (Views: 28.7ms | ActiveRecord: 0.0ms)


Started GET "/welcome/index" for 71.35.173.49 at 2017-04-11 20:41:05 +0000
Processing by WelcomeController#index as HTML
  Rendered welcome/index.html.erb within layouts/application (0.0ms)
Completed 200 OK in 30ms (Views: 29.4ms | ActiveRecord: 0.0ms)


Started GET "/welcome/about" for 71.35.173.49 at 2017-04-11 20:41:06 +0000
Processing by WelcomeController#about as HTML
  Rendered welcome/about.html.erb within layouts/application (0.1ms)
Completed 200 OK in 35ms (Views: 34.2ms | ActiveRecord: 0.0ms)


Started GET "/welcome/index" for 71.35.173.49 at 2017-04-11 20:41:06 +0000
Processing by WelcomeController#index as HTML
  Rendered welcome/index.html.erb within layouts/application (0.0ms)
Completed 200 OK in 33ms (Views: 32.5ms | ActiveRecord: 0.0ms)


Started GET "/welcome/about" for 71.35.173.49 at 2017-04-11 20:41:07 +0000
Processing by WelcomeController#about as HTML
  Rendered welcome/about.html.erb within layouts/application (0.1ms)
Completed 200 OK in 37ms (Views: 36.7ms | ActiveRecord: 0.0ms)


Started GET "/welcome/about" for 71.35.173.49 at 2017-04-11 20:41:07 +0000
Processing by WelcomeController#about as HTML
  Rendered welcome/about.html.erb within layouts/application (0.1ms)
Completed 200 OK in 44ms (Views: 43.0ms | ActiveRecord: 0.0ms)


Started GET "/welcome/index" for 71.35.173.49 at 2017-04-11 20:41:07 +0000
Processing by WelcomeController#index as HTML
  Rendered welcome/index.html.erb within layouts/application (0.1ms)
Completed 200 OK in 44ms (Views: 43.4ms | ActiveRecord: 0.0ms)


Started GET "/welcome/about" for 71.35.173.49 at 2017-04-11 20:41:08 +0000
Processing by WelcomeController#about as HTML
  Rendered welcome/about.html.erb within layouts/application (0.0ms)
Completed 200 OK in 56ms (Views: 49.0ms | ActiveRecord: 0.0ms)


Started GET "/welcome/index" for 71.35.173.49 at 2017-04-11 20:41:08 +0000
Processing by WelcomeController#index as HTML
  Rendered welcome/index.html.erb within layouts/application (0.0ms)
Completed 200 OK in 45ms (Views: 44.1ms | ActiveRecord: 0.0ms)


Started GET "/welcome/index" for 71.35.173.49 at 2017-04-11 20:41:09 +0000
Processing by WelcomeController#index as HTML
  Rendered welcome/index.html.erb within layouts/application (0.0ms)
Completed 200 OK in 31ms (Views: 30.5ms | ActiveRecord: 0.0ms)


Started GET "/welcome/about" for 71.35.173.49 at 2017-04-11 20:41:09 +0000
Processing by WelcomeController#about as HTML
  Rendered welcome/about.html.erb within layouts/application (0.0ms)
Completed 200 OK in 28ms (Views: 27.9ms | ActiveRecord: 0.0ms)


Started GET "/welcome/index" for 71.35.173.49 at 2017-04-11 20:41:10 +0000
Processing by WelcomeController#index as HTML
  Rendered welcome/index.html.erb within layouts/application (0.0ms)
Completed 200 OK in 41ms (Views: 40.3ms | ActiveRecord: 0.0ms)


Started GET "/welcome/about" for 71.35.173.49 at 2017-04-11 20:41:10 +0000
Processing by WelcomeController#about as HTML
  Rendered welcome/about.html.erb within layouts/application (0.0ms)
Completed 200 OK in 30ms (Views: 29.8ms | ActiveRecord: 0.0ms)


Started GET "/welcome/index" for 71.35.173.49 at 2017-04-11 20:41:10 +0000
Processing by WelcomeController#index as HTML
  Rendered welcome/index.html.erb within layouts/application (0.0ms)
Completed 200 OK in 34ms (Views: 33.2ms | ActiveRecord: 0.0ms)


Started GET "/welcome/about" for 71.35.173.49 at 2017-04-11 20:41:11 +0000
Processing by WelcomeController#about as HTML
  Rendered welcome/about.html.erb within layouts/application (0.0ms)
Completed 200 OK in 32ms (Views: 31.5ms | ActiveRecord: 0.0ms)


Started GET "/welcome/index" for 71.35.173.49 at 2017-04-11 20:41:11 +0000
Processing by WelcomeController#index as HTML
  Rendered welcome/index.html.erb within layouts/application (0.0ms)
Completed 200 OK in 28ms (Views: 27.3ms | ActiveRecord: 0.0ms)


Started GET "/welcome/about" for 71.35.173.49 at 2017-04-11 20:41:11 +0000
Processing by WelcomeController#about as HTML
  Rendered welcome/about.html.erb within layouts/application (0.0ms)
Completed 200 OK in 29ms (Views: 28.5ms | ActiveRecord: 0.0ms)


Started GET "/welcome/about" for 71.35.173.49 at 2017-04-11 20:41:18 +0000
Processing by WelcomeController#about as HTML
  Rendered welcome/about.html.erb within layouts/application (0.0ms)
Completed 200 OK in 31ms (Views: 30.5ms | ActiveRecord: 0.0ms)


Started GET "/welcome/about" for 71.35.173.49 at 2017-04-11 20:45:41 +0000
Processing by WelcomeController#about as HTML
  Rendered welcome/about.html.erb within layouts/application (1.5ms)
Completed 200 OK in 488ms (Views: 476.8ms | ActiveRecord: 0.0ms)


Started GET "/welcome/index" for 71.35.173.49 at 2017-04-11 20:45:43 +0000
Processing by WelcomeController#index as HTML
  Rendered welcome/index.html.erb within layouts/application (0.8ms)
Completed 200 OK in 284ms (Views: 283.7ms | ActiveRecord: 0.0ms)


Started GET "/welcome/about" for 71.35.173.49 at 2017-04-11 20:45:44 +0000
Processing by WelcomeController#about as HTML
  Rendered welcome/about.html.erb within layouts/application (0.1ms)
Completed 200 OK in 131ms (Views: 114.3ms | ActiveRecord: 0.0ms)


Started GET "/welcome/index" for 71.35.173.49 at 2017-04-11 20:45:45 +0000
Processing by WelcomeController#index as HTML
  Rendered welcome/index.html.erb within layouts/application (1.3ms)
Completed 200 OK in 84ms (Views: 82.9ms | ActiveRecord: 0.0ms)


Started GET "/welcome/about" for 71.35.173.49 at 2017-04-11 20:45:45 +0000
Processing by WelcomeController#about as HTML
  Rendered welcome/about.html.erb within layouts/application (0.1ms)
Completed 200 OK in 134ms (Views: 128.5ms | ActiveRecord: 0.0ms)


Started GET "/welcome/about" for 71.35.173.49 at 2017-04-11 20:45:46 +0000
Processing by WelcomeController#about as HTML
  Rendered welcome/about.html.erb within layouts/application (0.1ms)
Completed 200 OK in 196ms (Views: 195.3ms | ActiveRecord: 0.0ms)


Started GET "/welcome/index" for 71.35.173.49 at 2017-04-11 20:45:48 +0000
Processing by WelcomeController#index as HTML
  Rendered welcome/index.html.erb within layouts/application (0.1ms)
Completed 200 OK in 160ms (Views: 158.8ms | ActiveRecord: 0.0ms)


Started GET "/welcome/about" for 71.35.173.49 at 2017-04-11 20:45:48 +0000
Processing by WelcomeController#about as HTML
  Rendered welcome/about.html.erb within layouts/application (0.1ms)
Completed 200 OK in 161ms (Views: 153.4ms | ActiveRecord: 0.0ms)


Started GET "/" for 71.35.173.49 at 2017-04-11 20:49:42 +0000
Processing by WelcomeController#index as HTML
  Rendered welcome/index.html.erb within layouts/application (2.1ms)
Completed 200 OK in 416ms (Views: 402.1ms | ActiveRecord: 0.0ms)


Started GET "/welcome/about" for 71.35.173.49 at 2017-04-11 20:49:46 +0000
Processing by WelcomeController#about as HTML
  Rendered welcome/about.html.erb within layouts/application (0.6ms)
Completed 200 OK in 202ms (Views: 201.2ms | ActiveRecord: 0.0ms)


Started GET "/welcome/index" for 71.35.173.49 at 2017-04-11 20:49:47 +0000
Processing by WelcomeController#index as HTML
  Rendered welcome/index.html.erb within layouts/application (0.8ms)
Completed 200 OK in 56ms (Views: 54.5ms | ActiveRecord: 0.0ms)


Started GET "/welcome/about" for 71.35.173.49 at 2017-04-11 20:49:47 +0000
Processing by WelcomeController#about as HTML
  Rendered welcome/about.html.erb within layouts/application (0.1ms)
Completed 200 OK in 70ms (Views: 68.2ms | ActiveRecord: 0.0ms)


Started GET "/welcome/index" for 71.35.173.49 at 2017-04-11 20:49:48 +0000
Processing by WelcomeController#index as HTML
  Rendered welcome/index.html.erb within layouts/application (0.0ms)
Completed 200 OK in 43ms (Views: 42.5ms | ActiveRecord: 0.0ms)


Started GET "/welcome/about" for 71.35.173.49 at 2017-04-11 20:49:48 +0000
Processing by WelcomeController#about as HTML
  Rendered welcome/about.html.erb within layouts/application (0.0ms)
Completed 200 OK in 51ms (Views: 50.0ms | ActiveRecord: 0.0ms)


Started GET "/welcome/index" for 71.35.173.49 at 2017-04-11 20:49:49 +0000
Processing by WelcomeController#index as HTML
  Rendered welcome/index.html.erb within layouts/application (0.1ms)
Completed 200 OK in 76ms (Views: 75.7ms | ActiveRecord: 0.0ms)


Started GET "/welcome/about" for 71.35.173.49 at 2017-04-11 20:49:49 +0000
Processing by WelcomeController#about as HTML
  Rendered welcome/about.html.erb within layouts/application (0.1ms)
Completed 200 OK in 199ms (Views: 197.9ms | ActiveRecord: 0.0ms)


Started GET "/welcome/index" for 71.35.173.49 at 2017-04-11 20:49:50 +0000
Processing by WelcomeController#index as HTML
  Rendered welcome/index.html.erb within layouts/application (0.1ms)
Completed 200 OK in 63ms (Views: 61.9ms | ActiveRecord: 0.0ms)


Started GET "/welcome/about" for 71.35.173.49 at 2017-04-11 20:49:50 +0000
Processing by WelcomeController#about as HTML
  Rendered welcome/about.html.erb within layouts/application (0.1ms)
Completed 200 OK in 45ms (Views: 43.9ms | ActiveRecord: 0.0ms)


Started GET "/welcome/index" for 71.35.173.49 at 2017-04-11 20:49:50 +0000
Processing by WelcomeController#index as HTML
  Rendered welcome/index.html.erb within layouts/application (0.1ms)
Completed 200 OK in 52ms (Views: 51.2ms | ActiveRecord: 0.0ms)


Started GET "/welcome/about" for 71.35.173.49 at 2017-04-11 20:49:50 +0000
Processing by WelcomeController#about as HTML
  Rendered welcome/about.html.erb within layouts/application (0.1ms)
Completed 200 OK in 51ms (Views: 50.2ms | ActiveRecord: 0.0ms)


Started GET "/welcome/index" for 71.35.173.49 at 2017-04-11 20:49:51 +0000
Processing by WelcomeController#index as HTML
  Rendered welcome/index.html.erb within layouts/application (0.1ms)
Completed 200 OK in 39ms (Views: 38.8ms | ActiveRecord: 0.0ms)


Started GET "/welcome/about" for 71.35.173.49 at 2017-04-11 20:49:51 +0000
Processing by WelcomeController#about as HTML
  Rendered welcome/about.html.erb within layouts/application (0.1ms)
Completed 200 OK in 72ms (Views: 71.3ms | ActiveRecord: 0.0ms)


Started GET "/welcome/index" for 71.35.173.49 at 2017-04-11 20:49:51 +0000
Processing by WelcomeController#index as HTML
  Rendered welcome/index.html.erb within layouts/application (0.1ms)
Completed 200 OK in 57ms (Views: 56.7ms | ActiveRecord: 0.0ms)


Started GET "/welcome/about" for 71.35.173.49 at 2017-04-11 20:49:52 +0000
Processing by WelcomeController#about as HTML
  Rendered welcome/about.html.erb within layouts/application (0.1ms)
Completed 200 OK in 55ms (Views: 54.7ms | ActiveRecord: 0.0ms)


Started GET "/welcome/index" for 71.35.173.49 at 2017-04-11 20:49:52 +0000
Processing by WelcomeController#index as HTML
  Rendered welcome/index.html.erb within layouts/application (0.1ms)
Completed 200 OK in 53ms (Views: 52.1ms | ActiveRecord: 0.0ms)


Started GET "/welcome/about" for 71.35.173.49 at 2017-04-11 20:49:52 +0000
Processing by WelcomeController#about as HTML
  Rendered welcome/about.html.erb within layouts/application (0.0ms)
Completed 200 OK in 67ms (Views: 66.6ms | ActiveRecord: 0.0ms)


Started GET "/welcome/index" for 71.35.173.49 at 2017-04-11 20:49:53 +0000
Processing by WelcomeController#index as HTML
  Rendered welcome/index.html.erb within layouts/application (0.1ms)
Completed 200 OK in 57ms (Views: 56.3ms | ActiveRecord: 0.0ms)


Started GET "/welcome/about" for 71.35.173.49 at 2017-04-11 20:49:53 +0000
Processing by WelcomeController#about as HTML
  Rendered welcome/about.html.erb within layouts/application (0.1ms)
Completed 200 OK in 45ms (Views: 44.5ms | ActiveRecord: 0.0ms)


Started GET "/" for 71.35.173.49 at 2017-04-11 20:54:17 +0000
Processing by WelcomeController#index as HTML
  Rendered welcome/index.html.erb within layouts/application (1.9ms)
Completed 200 OK in 527ms (Views: 513.1ms | ActiveRecord: 0.0ms)


Started GET "/assets/welcome.self-8fc2a975a12bc18e12acde8ded21de3f248c24adcd041aa8a744c92e89546c79.css?body=1" for 71.35.173.49 at 2017-04-11 20:54:17 +0000


Started GET "/" for 71.35.173.49 at 2017-04-11 20:54:20 +0000
Processing by WelcomeController#index as HTML
  Rendered welcome/index.html.erb within layouts/application (0.1ms)
Completed 200 OK in 64ms (Views: 63.4ms | ActiveRecord: 0.0ms)


Started GET "/" for 71.35.173.49 at 2017-04-11 20:54:20 +0000
Processing by WelcomeController#index as HTML
  Rendered welcome/index.html.erb within layouts/application (0.1ms)
Completed 200 OK in 79ms (Views: 77.1ms | ActiveRecord: 0.0ms)


Started GET "/welcome/index" for 71.35.173.49 at 2017-04-11 20:54:33 +0000
Processing by WelcomeController#index as HTML
  Rendered welcome/index.html.erb within layouts/application (0.1ms)
Completed 200 OK in 230ms (Views: 229.2ms | ActiveRecord: 0.0ms)


Started GET "/welcome/about" for 71.35.173.49 at 2017-04-11 20:54:34 +0000
Processing by WelcomeController#about as HTML
  Rendered welcome/about.html.erb within layouts/application (0.5ms)
Completed 200 OK in 51ms (Views: 50.1ms | ActiveRecord: 0.0ms)


Started GET "/welcome/index" for 71.35.173.49 at 2017-04-11 20:54:35 +0000
Processing by WelcomeController#index as HTML
  Rendered welcome/index.html.erb within layouts/application (0.2ms)
Completed 200 OK in 42ms (Views: 41.5ms | ActiveRecord: 0.0ms)


Started GET "/welcome/about" for 71.35.173.49 at 2017-04-11 20:54:36 +0000
Processing by WelcomeController#about as HTML
  Rendered welcome/about.html.erb within layouts/application (0.1ms)
Completed 200 OK in 96ms (Views: 95.1ms | ActiveRecord: 0.0ms)


Started GET "/welcome/about" for 71.35.173.49 at 2017-04-11 20:55:04 +0000
Processing by WelcomeController#about as HTML
  Rendered welcome/about.html.erb within layouts/application (0.9ms)
Completed 200 OK in 3098ms (Views: 3096.2ms | ActiveRecord: 0.0ms)


Started GET "/assets/application.self-5a894fa65bea0930737f7fa1239385cb30cf1a880029061d6de24daf51faac31.css?body=1" for 71.35.173.49 at 2017-04-11 20:55:07 +0000


Started GET "/welcome/about" for 71.35.173.49 at 2017-04-11 20:55:16 +0000
Processing by WelcomeController#about as HTML
  Rendered welcome/about.html.erb within layouts/application (0.1ms)
Completed 200 OK in 43ms (Views: 42.0ms | ActiveRecord: 0.0ms)


Started GET "/welcome/about" for 71.35.173.49 at 2017-04-11 20:55:24 +0000
Processing by WelcomeController#about as HTML
  Rendered welcome/about.html.erb within layouts/application (0.1ms)
Completed 200 OK in 57ms (Views: 56.2ms | ActiveRecord: 0.0ms)


Started GET "/welcome/about" for 71.35.173.49 at 2017-04-11 20:57:55 +0000
Processing by WelcomeController#about as HTML
  Rendered welcome/about.html.erb within layouts/application (0.1ms)
Completed 200 OK in 37ms (Views: 36.4ms | ActiveRecord: 0.0ms)


Started GET "/welcome/about" for 71.35.173.49 at 2017-04-11 20:58:16 +0000
Processing by WelcomeController#about as HTML
  Rendered welcome/about.html.erb within layouts/application (0.1ms)
Completed 200 OK in 36ms (Views: 35.1ms | ActiveRecord: 0.0ms)


Started GET "/welcome/about" for 71.35.173.49 at 2017-04-11 21:01:01 +0000
Processing by WelcomeController#about as HTML
  Rendered welcome/about.html.erb within layouts/application (0.1ms)
Completed 200 OK in 36ms (Views: 35.4ms | ActiveRecord: 0.0ms)


Started GET "/welcome/about" for 71.35.173.49 at 2017-04-11 21:03:41 +0000
Processing by WelcomeController#about as HTML
  Rendered welcome/about.html.erb within layouts/application (0.1ms)
Completed 200 OK in 2191ms (Views: 2190.6ms | ActiveRecord: 0.0ms)


Started GET "/welcome/about" for 71.35.173.49 at 2017-04-11 21:10:05 +0000
Processing by WelcomeController#about as HTML
  Rendered welcome/about.html.erb within layouts/application (2.2ms)
Completed 200 OK in 592ms (Views: 580.7ms | ActiveRecord: 0.0ms)


Started GET "/welcome/about" for 71.35.173.49 at 2017-04-11 21:12:02 +0000
Processing by WelcomeController#about as HTML
  Rendered welcome/about.html.erb within layouts/application (0.1ms)
Completed 200 OK in 64ms (Views: 63.0ms | ActiveRecord: 0.0ms)


Started GET "/welcome/index" for 71.35.173.49 at 2017-04-11 21:12:52 +0000
Processing by WelcomeController#index as HTML
  Rendered welcome/index.html.erb within layouts/application (1.5ms)
Completed 200 OK in 211ms (Views: 209.0ms | ActiveRecord: 0.0ms)


Started GET "/welcome/about" for 71.35.173.49 at 2017-04-11 21:14:55 +0000
Processing by WelcomeController#about as HTML
  Rendered welcome/about.html.erb within layouts/application (0.1ms)
Completed 200 OK in 59ms (Views: 58.0ms | ActiveRecord: 0.0ms)


Started GET "/welcome/index" for 71.35.173.49 at 2017-04-11 21:14:55 +0000
Processing by WelcomeController#index as HTML
  Rendered welcome/index.html.erb within layouts/application (0.1ms)
Completed 200 OK in 38ms (Views: 37.3ms | ActiveRecord: 0.0ms)


Started GET "/welcome/index" for 71.35.173.49 at 2017-04-11 21:17:06 +0000
Processing by WelcomeController#index as HTML
  Rendered welcome/index.html.erb within layouts/application (0.1ms)
Completed 200 OK in 64ms (Views: 63.3ms | ActiveRecord: 0.0ms)


Started GET "/welcome/index" for 71.35.173.49 at 2017-04-11 21:17:31 +0000
Processing by WelcomeController#index as HTML
  Rendered welcome/index.html.erb within layouts/application (0.0ms)
Completed 200 OK in 55ms (Views: 54.2ms | ActiveRecord: 0.0ms)


Started GET "/welcome/index" for 71.35.173.49 at 2017-04-11 21:19:58 +0000
Processing by WelcomeController#index as HTML
  Rendered welcome/index.html.erb within layouts/application (0.0ms)
Completed 200 OK in 52ms (Views: 51.0ms | ActiveRecord: 0.0ms)


Started GET "/welcome/index" for 71.35.173.49 at 2017-04-11 21:21:37 +0000
Processing by WelcomeController#index as HTML
  Rendered welcome/index.html.erb within layouts/application (0.1ms)
Completed 200 OK in 1964ms (Views: 1963.3ms | ActiveRecord: 0.0ms)


Started GET "/assets/application.self-a431cb0ee4e9fc419c5007cae2bed40ec5d8bfd0904eaa8a47caf0b78397d030.css?body=1" for 71.35.173.49 at 2017-04-11 21:21:39 +0000


Started GET "/welcome/index" for 71.35.173.49 at 2017-04-11 21:25:23 +0000
Processing by WelcomeController#index as HTML
  Rendered welcome/index.html.erb within layouts/application (0.1ms)
Completed 200 OK in 58ms (Views: 57.2ms | ActiveRecord: 0.0ms)


Started GET "/assets/application.self-dae5c5da7223ce739ad497817a3df9ba2fa2840da302653b11558b4f7d98bfc3.css?body=1" for 71.35.173.49 at 2017-04-11 21:25:23 +0000


Started GET "/welcome/index" for 71.35.173.49 at 2017-04-11 21:28:25 +0000
Processing by WelcomeController#index as HTML
  Rendered welcome/index.html.erb within layouts/application (0.1ms)
Completed 500 Internal Server Error in 22ms (ActiveRecord: 0.0ms)

ActionView::Template::Error (couldn't find file 'my_styles' with type 'text/css'
Checked in these paths: 
  /home/ubuntu/workspace/app/assets/images
  /home/ubuntu/workspace/app/assets/javascripts
  /home/ubuntu/workspace/app/assets/stylesheets
  /home/ubuntu/workspace/vendor/assets/javascripts
  /home/ubuntu/workspace/vendor/assets/stylesheets
  /usr/local/rvm/gems/ruby-2.3.0/gems/jquery-rails-4.3.1/vendor/assets/javascripts
  /usr/local/rvm/gems/ruby-2.3.0/gems/coffee-rails-4.1.1/lib/assets/javascripts
  /usr/local/rvm/gems/ruby-2.3.0/gems/turbolinks-source-5.0.0/lib/assets/javascripts
  /usr/local/rvm/gems/ruby-2.3.0/gems/bootstrap-sass-3.3.7/assets/stylesheets
  /usr/local/rvm/gems/ruby-2.3.0/gems/bootstrap-sass-3.3.7/assets/javascripts
  /usr/local/rvm/gems/ruby-2.3.0/gems/bootstrap-sass-3.3.7/assets/fonts
  /usr/local/rvm/gems/ruby-2.3.0/gems/bootstrap-sass-3.3.7/assets/images):
    3:  <head>
    4:    <title>Bloccit</title>
    5:    <meta name="viewport" content="width=device-width, initial-scale=1">
    6:    <%= stylesheet_link_tag    "application", media: "all" %>
    7:    <%= javascript_include_tag "application" %>
    8:    <%= csrf_meta_tags %>
    9:  </head>
  app/assets/stylesheets/application.scss:15
  app/views/layouts/application.html.erb:6:in `_app_views_layouts_application_html_erb__3517076639756359220_70159610162940'


  Rendered /usr/local/rvm/gems/ruby-2.3.0/gems/actionpack-4.2.5/lib/action_dispatch/middleware/templates/rescues/_source.erb (16.5ms)
  Rendered /usr/local/rvm/gems/ruby-2.3.0/gems/actionpack-4.2.5/lib/action_dispatch/middleware/templates/rescues/_trace.html.erb (6.9ms)
  Rendered /usr/local/rvm/gems/ruby-2.3.0/gems/actionpack-4.2.5/lib/action_dispatch/middleware/templates/rescues/_request_and_response.html.erb (1.6ms)
  Rendered /usr/local/rvm/gems/ruby-2.3.0/gems/actionpack-4.2.5/lib/action_dispatch/middleware/templates/rescues/template_error.html.erb within rescues/layout (55.7ms)


Started GET "/welcome/index" for 71.35.173.49 at 2017-04-11 21:28:43 +0000
Processing by WelcomeController#index as HTML
  Rendered welcome/index.html.erb within layouts/application (0.0ms)
Completed 200 OK in 2202ms (Views: 2201.2ms | ActiveRecord: 0.0ms)


Started GET "/assets/application.self-687db1d0b19f276c0338e69e396c91c76aad5b34cb53dbb2351bc9e33d74babe.css?body=1" for 71.35.173.49 at 2017-04-11 21:28:45 +0000


Started GET "/welcome/index" for 71.35.173.49 at 2017-04-11 21:28:51 +0000
Processing by WelcomeController#index as HTML
  Rendered welcome/index.html.erb within layouts/application (0.1ms)
Completed 200 OK in 42ms (Views: 41.2ms | ActiveRecord: 0.0ms)


Started GET "/welcome/about" for 71.35.173.49 at 2017-04-11 21:28:52 +0000
Processing by WelcomeController#about as HTML
  Rendered welcome/about.html.erb within layouts/application (0.1ms)
Completed 200 OK in 74ms (Views: 73.4ms | ActiveRecord: 0.0ms)


Started GET "/welcome/index" for 71.35.173.49 at 2017-04-11 21:28:53 +0000
Processing by WelcomeController#index as HTML
  Rendered welcome/index.html.erb within layouts/application (0.1ms)
Completed 200 OK in 196ms (Views: 194.9ms | ActiveRecord: 0.0ms)


Started GET "/welcome/about" for 71.35.173.49 at 2017-04-11 21:28:53 +0000
Processing by WelcomeController#about as HTML
  Rendered welcome/about.html.erb within layouts/application (0.1ms)
Completed 200 OK in 52ms (Views: 50.5ms | ActiveRecord: 0.0ms)


Started GET "/welcome/index" for 71.35.173.49 at 2017-04-11 21:28:54 +0000
Processing by WelcomeController#index as HTML
  Rendered welcome/index.html.erb within layouts/application (0.1ms)
Completed 200 OK in 50ms (Views: 49.2ms | ActiveRecord: 0.0ms)


Started GET "/welcome/index" for 71.35.173.49 at 2017-04-11 21:30:46 +0000
Processing by WelcomeController#index as HTML
  Rendered welcome/index.html.erb within layouts/application (0.1ms)
Completed 500 Internal Server Error in 14ms (ActiveRecord: 0.0ms)

ActionView::Template::Error (couldn't find file 'bootstrap' with type 'text/css'
Checked in these paths: 
  /home/ubuntu/workspace/app/assets/images
  /home/ubuntu/workspace/app/assets/javascripts
  /home/ubuntu/workspace/app/assets/stylesheets
  /home/ubuntu/workspace/vendor/assets/javascripts
  /home/ubuntu/workspace/vendor/assets/stylesheets
  /usr/local/rvm/gems/ruby-2.3.0/gems/jquery-rails-4.3.1/vendor/assets/javascripts
  /usr/local/rvm/gems/ruby-2.3.0/gems/coffee-rails-4.1.1/lib/assets/javascripts
  /usr/local/rvm/gems/ruby-2.3.0/gems/turbolinks-source-5.0.0/lib/assets/javascripts
  /usr/local/rvm/gems/ruby-2.3.0/gems/bootstrap-sass-3.3.7/assets/stylesheets
  /usr/local/rvm/gems/ruby-2.3.0/gems/bootstrap-sass-3.3.7/assets/javascripts
  /usr/local/rvm/gems/ruby-2.3.0/gems/bootstrap-sass-3.3.7/assets/fonts
  /usr/local/rvm/gems/ruby-2.3.0/gems/bootstrap-sass-3.3.7/assets/images):
    3:  <head>
    4:    <title>Bloccit</title>
    5:    <meta name="viewport" content="width=device-width, initial-scale=1">
    6:    <%= stylesheet_link_tag    "application", media: "all" %>
    7:    <%= javascript_include_tag "application" %>
    8:    <%= csrf_meta_tags %>
    9:  </head>
  app/assets/stylesheets/application.scss:15
  app/views/layouts/application.html.erb:6:in `_app_views_layouts_application_html_erb__3517076639756359220_70159610162940'


  Rendered /usr/local/rvm/gems/ruby-2.3.0/gems/actionpack-4.2.5/lib/action_dispatch/middleware/templates/rescues/_source.erb (10.7ms)
  Rendered /usr/local/rvm/gems/ruby-2.3.0/gems/actionpack-4.2.5/lib/action_dispatch/middleware/templates/rescues/_trace.html.erb (4.3ms)
  Rendered /usr/local/rvm/gems/ruby-2.3.0/gems/actionpack-4.2.5/lib/action_dispatch/middleware/templates/rescues/_request_and_response.html.erb (1.3ms)
  Rendered /usr/local/rvm/gems/ruby-2.3.0/gems/actionpack-4.2.5/lib/action_dispatch/middleware/templates/rescues/template_error.html.erb within rescues/layout (38.1ms)


Started GET "/welcome/index" for 71.35.173.49 at 2017-04-11 21:31:11 +0000
Processing by WelcomeController#index as HTML
  Rendered welcome/index.html.erb within layouts/application (0.1ms)
Completed 500 Internal Server Error in 8ms (ActiveRecord: 0.0ms)

ActionView::Template::Error (couldn't find file 'bootstrap-sprockets' with type 'text/css'
Checked in these paths: 
  /home/ubuntu/workspace/app/assets/images
  /home/ubuntu/workspace/app/assets/javascripts
  /home/ubuntu/workspace/app/assets/stylesheets
  /home/ubuntu/workspace/vendor/assets/javascripts
  /home/ubuntu/workspace/vendor/assets/stylesheets
  /usr/local/rvm/gems/ruby-2.3.0/gems/jquery-rails-4.3.1/vendor/assets/javascripts
  /usr/local/rvm/gems/ruby-2.3.0/gems/coffee-rails-4.1.1/lib/assets/javascripts
  /usr/local/rvm/gems/ruby-2.3.0/gems/turbolinks-source-5.0.0/lib/assets/javascripts
  /usr/local/rvm/gems/ruby-2.3.0/gems/bootstrap-sass-3.3.7/assets/stylesheets
  /usr/local/rvm/gems/ruby-2.3.0/gems/bootstrap-sass-3.3.7/assets/javascripts
  /usr/local/rvm/gems/ruby-2.3.0/gems/bootstrap-sass-3.3.7/assets/fonts
  /usr/local/rvm/gems/ruby-2.3.0/gems/bootstrap-sass-3.3.7/assets/images):
    3:  <head>
    4:    <title>Bloccit</title>
    5:    <meta name="viewport" content="width=device-width, initial-scale=1">
    6:    <%= stylesheet_link_tag    "application", media: "all" %>
    7:    <%= javascript_include_tag "application" %>
    8:    <%= csrf_meta_tags %>
    9:  </head>
  app/assets/stylesheets/application.scss:15
  app/views/layouts/application.html.erb:6:in `_app_views_layouts_application_html_erb__3517076639756359220_70159610162940'


  Rendered /usr/local/rvm/gems/ruby-2.3.0/gems/actionpack-4.2.5/lib/action_dispatch/middleware/templates/rescues/_source.erb (11.1ms)
  Rendered /usr/local/rvm/gems/ruby-2.3.0/gems/actionpack-4.2.5/lib/action_dispatch/middleware/templates/rescues/_trace.html.erb (5.0ms)
  Rendered /usr/local/rvm/gems/ruby-2.3.0/gems/actionpack-4.2.5/lib/action_dispatch/middleware/templates/rescues/_request_and_response.html.erb (1.6ms)
  Rendered /usr/local/rvm/gems/ruby-2.3.0/gems/actionpack-4.2.5/lib/action_dispatch/middleware/templates/rescues/template_error.html.erb within rescues/layout (36.4ms)


Started GET "/welcome/index" for 71.35.173.49 at 2017-04-11 21:31:23 +0000
Processing by WelcomeController#index as HTML
  Rendered welcome/index.html.erb within layouts/application (0.1ms)
Completed 200 OK in 33ms (Views: 32.7ms | ActiveRecord: 0.0ms)


Started GET "/welcome/index" for 71.35.173.49 at 2017-04-11 21:32:56 +0000
Processing by WelcomeController#index as HTML
  Rendered welcome/index.html.erb within layouts/application (0.1ms)
Completed 200 OK in 2145ms (Views: 2143.8ms | ActiveRecord: 0.0ms)


Started GET "/welcome/index" for 71.35.173.49 at 2017-04-11 21:37:25 +0000
Processing by WelcomeController#index as HTML
  Rendered welcome/index.html.erb within layouts/application (2.4ms)
Completed 200 OK in 2576ms (Views: 2564.8ms | ActiveRecord: 0.0ms)


Started GET "/assets/welcome.self-6ad0152b734dc710ef724904b6dc222cab6116a0845e6f066c965866786e189e.css?body=1" for 71.35.173.49 at 2017-04-11 21:37:28 +0000


Started GET "/welcome/about" for 71.35.173.49 at 2017-04-11 21:37:30 +0000
Processing by WelcomeController#about as HTML
  Rendered welcome/about.html.erb within layouts/application (0.5ms)
Completed 200 OK in 31ms (Views: 30.4ms | ActiveRecord: 0.0ms)


Started GET "/welcome/about" for 71.35.173.49 at 2017-04-11 21:39:17 +0000
Processing by WelcomeController#about as HTML
  Rendered welcome/about.html.erb within layouts/application (0.5ms)
Completed 200 OK in 2272ms (Views: 2271.4ms | ActiveRecord: 0.0ms)


Started GET "/assets/welcome.self-506664b145c6e7c48d7c75e9ce59fdcd4293b36a0267d0c4d1ecd85158b6a351.css?body=1" for 71.35.173.49 at 2017-04-11 21:39:20 +0000


Started GET "/welcome/about" for 71.35.173.49 at 2017-04-11 21:42:42 +0000
Processing by WelcomeController#about as HTML
  Rendered welcome/about.html.erb within layouts/application (0.7ms)
Completed 200 OK in 3027ms (Views: 3026.3ms | ActiveRecord: 0.0ms)


Started GET "/assets/welcome.self-926669be876a24689190998b968646f5e6e9e93a594f4b18749f54975dc9406e.css?body=1" for 71.35.173.49 at 2017-04-11 21:42:45 +0000


Started GET "/welcome/about" for 71.35.173.49 at 2017-04-11 21:43:48 +0000
Processing by WelcomeController#about as HTML
  Rendered welcome/about.html.erb within layouts/application (0.1ms)
Completed 200 OK in 2198ms (Views: 2196.9ms | ActiveRecord: 0.0ms)


Started GET "/assets/welcome.self-6c38f7f3f08b8fe170a6afaedb7593364fcae361dc6ab1177a000915bf84f9d8.css?body=1" for 71.35.173.49 at 2017-04-11 21:43:51 +0000


Started GET "/welcome/about" for 71.35.173.49 at 2017-04-11 21:43:55 +0000
Processing by WelcomeController#about as HTML
  Rendered welcome/about.html.erb within layouts/application (0.1ms)
Completed 200 OK in 32ms (Views: 31.9ms | ActiveRecord: 0.0ms)


Started GET "/welcome/index" for 71.35.173.49 at 2017-04-11 21:43:56 +0000
Processing by WelcomeController#index as HTML
  Rendered welcome/index.html.erb within layouts/application (0.1ms)
Completed 200 OK in 35ms (Views: 34.0ms | ActiveRecord: 0.0ms)


Started GET "/welcome/about" for 71.35.173.49 at 2017-04-11 21:43:57 +0000
Processing by WelcomeController#about as HTML
  Rendered welcome/about.html.erb within layouts/application (0.1ms)
Completed 200 OK in 30ms (Views: 29.8ms | ActiveRecord: 0.0ms)


Started GET "/welcome/index" for 71.35.173.49 at 2017-04-11 21:43:58 +0000
Processing by WelcomeController#index as HTML
  Rendered welcome/index.html.erb within layouts/application (0.0ms)
Completed 200 OK in 31ms (Views: 31.0ms | ActiveRecord: 0.0ms)


Started GET "/welcome/about" for 71.35.173.49 at 2017-04-11 21:43:58 +0000
Processing by WelcomeController#about as HTML
  Rendered welcome/about.html.erb within layouts/application (0.2ms)
Completed 200 OK in 43ms (Views: 42.1ms | ActiveRecord: 0.0ms)


Started GET "/welcome/index" for 71.35.173.49 at 2017-04-11 21:43:59 +0000
Processing by WelcomeController#index as HTML
  Rendered welcome/index.html.erb within layouts/application (0.0ms)
Completed 200 OK in 32ms (Views: 31.5ms | ActiveRecord: 0.0ms)


Started GET "/welcome/about" for 71.35.173.49 at 2017-04-11 21:43:59 +0000
Processing by WelcomeController#about as HTML
  Rendered welcome/about.html.erb within layouts/application (0.1ms)
Completed 200 OK in 34ms (Views: 34.0ms | ActiveRecord: 0.0ms)


Started GET "/welcome/about" for 71.35.173.49 at 2017-04-11 21:44:29 +0000
Processing by WelcomeController#about as HTML
  Rendered welcome/about.html.erb within layouts/application (0.5ms)
Completed 200 OK in 29ms (Views: 28.1ms | ActiveRecord: 0.0ms)


Started GET "/welcome/about" for 71.35.173.49 at 2017-04-11 21:45:26 +0000
Processing by WelcomeController#about as HTML
  Rendered welcome/about.html.erb within layouts/application (0.6ms)
Completed 200 OK in 47ms (Views: 46.4ms | ActiveRecord: 0.0ms)
